app/build/intermediates/manifest_merge_blame_file/debug/manifest-merger-blame-debug-report.txt
1<?xml version="1.0" encoding="utf-8"?>
2<manifest xmlns:android="http://schemas.android.com/apk/res/android"
3    package="com.example.uhf"
4    android:versionCode="2"
5    android:versionName="1.3.7" >
6
7    <uses-sdk
8        android:minSdkVersion="19"
8-->src\main\AndroidManifest.xml
9        android:targetSdkVersion="29" />
9-->src\main\AndroidManifest.xml
10
11    <uses-permission android:name="android.permission.INTERNET" />
11-->src\main\AndroidManifest.xml:6:5-67
11-->src\main\AndroidManifest.xml:6:22-64
12    <uses-permission android:name="android.permission.READ_EXTERNAL_STORAGE" />
12-->src\main\AndroidManifest.xml:7:5-80
12-->src\main\AndroidManifest.xml:7:22-77
13    <uses-permission android:name="android.permission.WRITE_EXTERNAL_STORAGE" />
13-->src\main\AndroidManifest.xml:8:5-81
13-->src\main\AndroidManifest.xml:8:22-78
14    <uses-permission android:name="android.permission.MANAGE_EXTERNAL_STORAGE" />
14-->src\main\AndroidManifest.xml:9:5-82
14-->src\main\AndroidManifest.xml:9:22-79
15    <uses-permission android:name="android.permission.ACCESS_NETWORK_STATE" />
15-->[DeviceAPI_ver20231208_release.aar] AndroidManifest.xml:11:5-79
15-->[DeviceAPI_ver20231208_release.aar] AndroidManifest.xml:11:22-76
16    <uses-permission android:name="android.permission.BLUETOOTH_ADMIN" />
16-->[DeviceAPI_ver20231208_release.aar] AndroidManifest.xml:12:5-74
16-->[DeviceAPI_ver20231208_release.aar] AndroidManifest.xml:12:22-71
17    <uses-permission android:name="android.permission.CAMERA" />
17-->[DeviceAPI_ver20231208_release.aar] AndroidManifest.xml:13:5-65
17-->[DeviceAPI_ver20231208_release.aar] AndroidManifest.xml:13:22-62
18    <uses-permission android:name="android.permission.CHANGE_WIFI_STATE" />
18-->[DeviceAPI_ver20231208_release.aar] AndroidManifest.xml:14:5-76
18-->[DeviceAPI_ver20231208_release.aar] AndroidManifest.xml:14:22-73
19
20    <application
20-->src\main\AndroidManifest.xml:10:5-38:19
21        android:name="androidx.multidex.MultiDexApplication"
22        android:allowBackup="true"
22-->src\main\AndroidManifest.xml:12:9-35
23        android:appComponentFactory="androidx.core.app.CoreComponentFactory"
23-->[androidx.core:core:1.1.0-beta01] AndroidManifest.xml:22:18-86
24        android:debuggable="true"
25        android:icon="@mipmap/ic_launcher"
25-->src\main\AndroidManifest.xml:13:9-43
26        android:label="@string/app_name"
26-->src\main\AndroidManifest.xml:14:9-41
27        android:testOnly="true"
28        android:theme="@style/CustomTheme"
28-->src\main\AndroidManifest.xml:15:9-43
29        android:usesCleartextTraffic="true" >
29-->src\main\AndroidManifest.xml:11:9-44
30        <activity
30-->src\main\AndroidManifest.xml:16:9-26:20
31            android:name="com.example.uhf.activity.UHFMainActivity"
31-->src\main\AndroidManifest.xml:17:13-68
32            android:configChanges="orientation|screenSize"
32-->src\main\AndroidManifest.xml:19:13-59
33            android:label="@string/app_name"
33-->src\main\AndroidManifest.xml:20:13-45
34            android:screenOrientation="portrait" >
34-->src\main\AndroidManifest.xml:18:13-49
35            <intent-filter>
35-->src\main\AndroidManifest.xml:21:13-25:29
36                <action android:name="android.intent.action.MAIN" />
36-->src\main\AndroidManifest.xml:22:17-69
36-->src\main\AndroidManifest.xml:22:25-66
37
38                <category android:name="android.intent.category.LAUNCHER" />
38-->src\main\AndroidManifest.xml:24:17-77
38-->src\main\AndroidManifest.xml:24:27-74
39            </intent-filter>
40        </activity>
41
42        <receiver android:name="com.example.uhf.BootBroadcastReceiver" >
42-->src\main\AndroidManifest.xml:27:9-32:20
42-->src\main\AndroidManifest.xml:27:19-71
43            <intent-filter android:priority="1000" >
43-->src\main\AndroidManifest.xml:28:13-31:29
43-->src\main\AndroidManifest.xml:28:28-51
44                <action android:name="android.intent.action.BOOT_COMPLETED" />
44-->src\main\AndroidManifest.xml:29:17-79
44-->src\main\AndroidManifest.xml:29:25-76
45
46                <category android:name="android.intent.category.LAUNCHER" />
46-->src\main\AndroidManifest.xml:24:17-77
46-->src\main\AndroidManifest.xml:24:27-74
47            </intent-filter>
48        </receiver>
49
50        <activity
50-->src\main\AndroidManifest.xml:33:9-36:61
51            android:name="com.example.uhf.filebrowser.FileManagerActivity"
51-->src\main\AndroidManifest.xml:34:13-75
52            android:configChanges="orientation|screenSize"
52-->src\main\AndroidManifest.xml:36:13-59
53            android:screenOrientation="portrait" />
53-->src\main\AndroidManifest.xml:35:13-49
54    </application>
55
56</manifest>